# Конфигурационный файл для GRUB - The GNU GRand Unified Bootloader
# /boot/grub/menu.lst

# ПРЕОБРАЗОВАНИЕ ИМЕН УСТРОЙСТВ
#
#  Linux           Grub
# -------------------------
#  /dev/fd0        (fd0)
#  /dev/sda        (hd0)
#  /dev/sdb2       (hd1,1)
#  /dev/sda3       (hd0,2)
#

#  ВИДЕОРЕЖИМ - РАЗРЕШЕНИЕ ФРЕЙМБУФЕРА (FRAMEBUFFER RESOLUTION)
#     +-------------------------------------------------+
#          | 640x480    800x600    1024x768   1280x1024
#      ----+--------------------------------------------
#      256 | 0x301=769  0x303=771  0x305=773   0x307=775
#      32K | 0x310=784  0x313=787  0x316=790   0x319=793
#      64K | 0x311=785  0x314=788  0x317=791   0x31A=794
#      16M | 0x312=786  0x315=789  0x318=792   0x31B=795
#     +-------------------------------------------------+
#  для более детальной информации о настройках видеорежима:
#  http://wiki.archlinux.org/index.php/GRUB#Framebuffer_Resolution
#
# Совет: Если Вам необходимо разрешение 1024x768, добавьте "vga=773" к строке kernel.
#


default=0
    timeout=15

    title os
    kernel /boot/kernel.elf
